Connecting to database specified by database.yml


Started GET "/funcionarios" for 127.0.0.1 at 2015-08-27 10:02:59 -0400
Processing by FuncionariosController#index as HTML
  [1m[36mFuncionario Load (0.2ms)[0m  [1mSELECT `funcionarios`.* FROM `funcionarios` ORDER BY nombre ASC[0m
  Rendered layouts/_navigation.html.erb (1.0ms)
  [1m[35mDepartamento Load (0.1ms)[0m  SELECT `departamentos`.* FROM `departamentos` ORDER BY interno
  Rendered funcionarios/_formulario.html.erb (59.9ms)
  Rendered funcionarios/index.html.erb within layouts/application (107.8ms)
Warning. Error encountered while saving cache /home/adrian/DESARROLLO/RoR/InternosUNI/tmp/cache/sass/2a3c3abd69635d9a8ce7b9c2b79066692868b515/application.css.scssc: can't dump anonymous class #<Class:0x007f728897a3b8>

Warning. Error encountered while saving cache /home/adrian/DESARROLLO/RoR/InternosUNI/tmp/cache/sass/71d2ad7ce1cc305b8b5fdf96f0f366ce63406d8e/bootstrap.scssc: can't dump anonymous class #<Class:0x007f728897a3b8>

Warning. Error encountered while saving cache /home/adrian/DESARROLLO/RoR/InternosUNI/tmp/cache/sass/f77acc4d823c4a545c3447dc5c99e9677fefc991/_variables.scssc: can't dump anonymous class #<Class:0x007f728897a3b8>

Warning. Error encountered while saving cache /home/adrian/DESARROLLO/RoR/InternosUNI/tmp/cache/sass/f77acc4d823c4a545c3447dc5c99e9677fefc991/_mixins.scssc: can't dump anonymous class #<Class:0x007f728897a3b8>

Warning. Error encountered while saving cache /home/adrian/DESARROLLO/RoR/InternosUNI/tmp/cache/sass/4def51985aef4148d2a37278f38bdd41f9eef33b/_hide-text.scssc: can't dump anonymous class #<Class:0x007f728897a3b8>

Warning. Error encountered while saving cache /home/adrian/DESARROLLO/RoR/InternosUNI/tmp/cache/sass/4def51985aef4148d2a37278f38bdd41f9eef33b/_opacity.scssc: can't dump anonymous class #<Class:0x007f728897a3b8>

Warning. Error encountered while saving cache /home/adrian/DESARROLLO/RoR/InternosUNI/tmp/cache/sass/4def51985aef4148d2a37278f38bdd41f9eef33b/_image.scssc: can't dump anonymous class #<Class:0x007f728897a3b8>

Warning. Error encountered while saving cache /home/adrian/DESARROLLO/RoR/InternosUNI/tmp/cache/sass/4def51985aef4148d2a37278f38bdd41f9eef33b/_labels.scssc: can't dump anonymous class #<Class:0x007f728897a3b8>

Warning. Error encountered while saving cache /home/adrian/DESARROLLO/RoR/InternosUNI/tmp/cache/sass/4def51985aef4148d2a37278f38bdd41f9eef33b/_reset-filter.scssc: can't dump anonymous class #<Class:0x007f728897a3b8>

Warning. Error encountered while saving cache /home/adrian/DESARROLLO/RoR/InternosUNI/tmp/cache/sass/4def51985aef4148d2a37278f38bdd41f9eef33b/_resize.scssc: can't dump anonymous class #<Class:0x007f728897a3b8>

Warning. Error encountered while saving cache /home/adrian/DESARROLLO/RoR/InternosUNI/tmp/cache/sass/4def51985aef4148d2a37278f38bdd41f9eef33b/_responsive-visibility.scssc: can't dump anonymous class #<Class:0x007f728897a3b8>

Warning. Error encountered while saving cache /home/adrian/DESARROLLO/RoR/InternosUNI/tmp/cache/sass/4def51985aef4148d2a37278f38bdd41f9eef33b/_size.scssc: can't dump anonymous class #<Class:0x007f728897a3b8>

Warning. Error encountered while saving cache /home/adrian/DESARROLLO/RoR/InternosUNI/tmp/cache/sass/4def51985aef4148d2a37278f38bdd41f9eef33b/_tab-focus.scssc: can't dump anonymous class #<Class:0x007f728897a3b8>

Warning. Error encountered while saving cache /home/adrian/DESARROLLO/RoR/InternosUNI/tmp/cache/sass/4def51985aef4148d2a37278f38bdd41f9eef33b/_text-emphasis.scssc: can't dump anonymous class #<Class:0x007f728897a3b8>

Warning. Error encountered while saving cache /home/adrian/DESARROLLO/RoR/InternosUNI/tmp/cache/sass/4def51985aef4148d2a37278f38bdd41f9eef33b/_text-overflow.scssc: can't dump anonymous class #<Class:0x007f728897a3b8>

Warning. Error encountered while saving cache /home/adrian/DESARROLLO/RoR/InternosUNI/tmp/cache/sass/4def51985aef4148d2a37278f38bdd41f9eef33b/_vendor-prefixes.scssc: can't dump anonymous class #<Class:0x007f728897a3b8>

Warning. Error encountered while saving cache /home/adrian/DESARROLLO/RoR/InternosUNI/tmp/cache/sass/4def51985aef4148d2a37278f38bdd41f9eef33b/_alerts.scssc: can't dump anonymous class #<Class:0x007f728897a3b8>

Warning. Error encountered while saving cache /home/adrian/DESARROLLO/RoR/InternosUNI/tmp/cache/sass/4def51985aef4148d2a37278f38bdd41f9eef33b/_buttons.scssc: can't dump anonymous class #<Class:0x007f728897a3b8>

Warning. Error encountered while saving cache /home/adrian/DESARROLLO/RoR/InternosUNI/tmp/cache/sass/4def51985aef4148d2a37278f38bdd41f9eef33b/_panels.scssc: can't dump anonymous class #<Class:0x007f728897a3b8>

Warning. Error encountered while saving cache /home/adrian/DESARROLLO/RoR/InternosUNI/tmp/cache/sass/4def51985aef4148d2a37278f38bdd41f9eef33b/_pagination.scssc: can't dump anonymous class #<Class:0x007f728897a3b8>

Warning. Error encountered while saving cache /home/adrian/DESARROLLO/RoR/InternosUNI/tmp/cache/sass/4def51985aef4148d2a37278f38bdd41f9eef33b/_list-group.scssc: can't dump anonymous class #<Class:0x007f728897a3b8>

Warning. Error encountered while saving cache /home/adrian/DESARROLLO/RoR/InternosUNI/tmp/cache/sass/4def51985aef4148d2a37278f38bdd41f9eef33b/_nav-divider.scssc: can't dump anonymous class #<Class:0x007f728897a3b8>

Warning. Error encountered while saving cache /home/adrian/DESARROLLO/RoR/InternosUNI/tmp/cache/sass/4def51985aef4148d2a37278f38bdd41f9eef33b/_forms.scssc: can't dump anonymous class #<Class:0x007f728897a3b8>

Warning. Error encountered while saving cache /home/adrian/DESARROLLO/RoR/InternosUNI/tmp/cache/sass/4def51985aef4148d2a37278f38bdd41f9eef33b/_progress-bar.scssc: can't dump anonymous class #<Class:0x007f728897a3b8>

Warning. Error encountered while saving cache /home/adrian/DESARROLLO/RoR/InternosUNI/tmp/cache/sass/4def51985aef4148d2a37278f38bdd41f9eef33b/_table-row.scssc: can't dump anonymous class #<Class:0x007f728897a3b8>

Warning. Error encountered while saving cache /home/adrian/DESARROLLO/RoR/InternosUNI/tmp/cache/sass/4def51985aef4148d2a37278f38bdd41f9eef33b/_background-variant.scssc: can't dump anonymous class #<Class:0x007f728897a3b8>

Warning. Error encountered while saving cache /home/adrian/DESARROLLO/RoR/InternosUNI/tmp/cache/sass/4def51985aef4148d2a37278f38bdd41f9eef33b/_border-radius.scssc: can't dump anonymous class #<Class:0x007f728897a3b8>

Warning. Error encountered while saving cache /home/adrian/DESARROLLO/RoR/InternosUNI/tmp/cache/sass/4def51985aef4148d2a37278f38bdd41f9eef33b/_gradients.scssc: can't dump anonymous class #<Class:0x007f728897a3b8>

Warning. Error encountered while saving cache /home/adrian/DESARROLLO/RoR/InternosUNI/tmp/cache/sass/4def51985aef4148d2a37278f38bdd41f9eef33b/_clearfix.scssc: can't dump anonymous class #<Class:0x007f728897a3b8>

Warning. Error encountered while saving cache /home/adrian/DESARROLLO/RoR/InternosUNI/tmp/cache/sass/4def51985aef4148d2a37278f38bdd41f9eef33b/_center-block.scssc: can't dump anonymous class #<Class:0x007f728897a3b8>

Warning. Error encountered while saving cache /home/adrian/DESARROLLO/RoR/InternosUNI/tmp/cache/sass/4def51985aef4148d2a37278f38bdd41f9eef33b/_nav-vertical-align.scssc: can't dump anonymous class #<Class:0x007f728897a3b8>

Warning. Error encountered while saving cache /home/adrian/DESARROLLO/RoR/InternosUNI/tmp/cache/sass/4def51985aef4148d2a37278f38bdd41f9eef33b/_grid-framework.scssc: can't dump anonymous class #<Class:0x007f728897a3b8>

Warning. Error encountered while saving cache /home/adrian/DESARROLLO/RoR/InternosUNI/tmp/cache/sass/4def51985aef4148d2a37278f38bdd41f9eef33b/_grid.scssc: can't dump anonymous class #<Class:0x007f728897a3b8>

Warning. Error encountered while saving cache /home/adrian/DESARROLLO/RoR/InternosUNI/tmp/cache/sass/f77acc4d823c4a545c3447dc5c99e9677fefc991/_normalize.scssc: can't dump anonymous class #<Class:0x007f728897a3b8>

Warning. Error encountered while saving cache /home/adrian/DESARROLLO/RoR/InternosUNI/tmp/cache/sass/f77acc4d823c4a545c3447dc5c99e9677fefc991/_print.scssc: can't dump anonymous class #<Class:0x007f728897a3b8>

Warning. Error encountered while saving cache /home/adrian/DESARROLLO/RoR/InternosUNI/tmp/cache/sass/f77acc4d823c4a545c3447dc5c99e9677fefc991/_glyphicons.scssc: can't dump anonymous class #<Class:0x007f728897a3b8>

Warning. Error encountered while saving cache /home/adrian/DESARROLLO/RoR/InternosUNI/tmp/cache/sass/f77acc4d823c4a545c3447dc5c99e9677fefc991/_scaffolding.scssc: can't dump anonymous class #<Class:0x007f728897a3b8>

Warning. Error encountered while saving cache /home/adrian/DESARROLLO/RoR/InternosUNI/tmp/cache/sass/f77acc4d823c4a545c3447dc5c99e9677fefc991/_type.scssc: can't dump anonymous class #<Class:0x007f728897a3b8>

Warning. Error encountered while saving cache /home/adrian/DESARROLLO/RoR/InternosUNI/tmp/cache/sass/f77acc4d823c4a545c3447dc5c99e9677fefc991/_code.scssc: can't dump anonymous class #<Class:0x007f728897a3b8>

Warning. Error encountered while saving cache /home/adrian/DESARROLLO/RoR/InternosUNI/tmp/cache/sass/f77acc4d823c4a545c3447dc5c99e9677fefc991/_grid.scssc: can't dump anonymous class #<Class:0x007f728897a3b8>

Warning. Error encountered while saving cache /home/adrian/DESARROLLO/RoR/InternosUNI/tmp/cache/sass/f77acc4d823c4a545c3447dc5c99e9677fefc991/_tables.scssc: can't dump anonymous class #<Class:0x007f728897a3b8>

Warning. Error encountered while saving cache /home/adrian/DESARROLLO/RoR/InternosUNI/tmp/cache/sass/f77acc4d823c4a545c3447dc5c99e9677fefc991/_forms.scssc: can't dump anonymous class #<Class:0x007f728897a3b8>

Warning. Error encountered while saving cache /home/adrian/DESARROLLO/RoR/InternosUNI/tmp/cache/sass/f77acc4d823c4a545c3447dc5c99e9677fefc991/_buttons.scssc: can't dump anonymous class #<Class:0x007f728897a3b8>

Warning. Error encountered while saving cache /home/adrian/DESARROLLO/RoR/InternosUNI/tmp/cache/sass/f77acc4d823c4a545c3447dc5c99e9677fefc991/_component-animations.scssc: can't dump anonymous class #<Class:0x007f728897a3b8>

Warning. Error encountered while saving cache /home/adrian/DESARROLLO/RoR/InternosUNI/tmp/cache/sass/f77acc4d823c4a545c3447dc5c99e9677fefc991/_dropdowns.scssc: can't dump anonymous class #<Class:0x007f728897a3b8>

Warning. Error encountered while saving cache /home/adrian/DESARROLLO/RoR/InternosUNI/tmp/cache/sass/f77acc4d823c4a545c3447dc5c99e9677fefc991/_button-groups.scssc: can't dump anonymous class #<Class:0x007f728897a3b8>

Warning. Error encountered while saving cache /home/adrian/DESARROLLO/RoR/InternosUNI/tmp/cache/sass/f77acc4d823c4a545c3447dc5c99e9677fefc991/_input-groups.scssc: can't dump anonymous class #<Class:0x007f728897a3b8>

Warning. Error encountered while saving cache /home/adrian/DESARROLLO/RoR/InternosUNI/tmp/cache/sass/f77acc4d823c4a545c3447dc5c99e9677fefc991/_navs.scssc: can't dump anonymous class #<Class:0x007f728897a3b8>

Warning. Error encountered while saving cache /home/adrian/DESARROLLO/RoR/InternosUNI/tmp/cache/sass/f77acc4d823c4a545c3447dc5c99e9677fefc991/_navbar.scssc: can't dump anonymous class #<Class:0x007f728897a3b8>

Warning. Error encountered while saving cache /home/adrian/DESARROLLO/RoR/InternosUNI/tmp/cache/sass/f77acc4d823c4a545c3447dc5c99e9677fefc991/_breadcrumbs.scssc: can't dump anonymous class #<Class:0x007f728897a3b8>

Warning. Error encountered while saving cache /home/adrian/DESARROLLO/RoR/InternosUNI/tmp/cache/sass/f77acc4d823c4a545c3447dc5c99e9677fefc991/_pagination.scssc: can't dump anonymous class #<Class:0x007f728897a3b8>

Warning. Error encountered while saving cache /home/adrian/DESARROLLO/RoR/InternosUNI/tmp/cache/sass/f77acc4d823c4a545c3447dc5c99e9677fefc991/_pager.scssc: can't dump anonymous class #<Class:0x007f728897a3b8>

Warning. Error encountered while saving cache /home/adrian/DESARROLLO/RoR/InternosUNI/tmp/cache/sass/f77acc4d823c4a545c3447dc5c99e9677fefc991/_labels.scssc: can't dump anonymous class #<Class:0x007f728897a3b8>

Warning. Error encountered while saving cache /home/adrian/DESARROLLO/RoR/InternosUNI/tmp/cache/sass/f77acc4d823c4a545c3447dc5c99e9677fefc991/_badges.scssc: can't dump anonymous class #<Class:0x007f728897a3b8>

Warning. Error encountered while saving cache /home/adrian/DESARROLLO/RoR/InternosUNI/tmp/cache/sass/f77acc4d823c4a545c3447dc5c99e9677fefc991/_jumbotron.scssc: can't dump anonymous class #<Class:0x007f728897a3b8>

Warning. Error encountered while saving cache /home/adrian/DESARROLLO/RoR/InternosUNI/tmp/cache/sass/f77acc4d823c4a545c3447dc5c99e9677fefc991/_thumbnails.scssc: can't dump anonymous class #<Class:0x007f728897a3b8>

Warning. Error encountered while saving cache /home/adrian/DESARROLLO/RoR/InternosUNI/tmp/cache/sass/f77acc4d823c4a545c3447dc5c99e9677fefc991/_alerts.scssc: can't dump anonymous class #<Class:0x007f728897a3b8>

Warning. Error encountered while saving cache /home/adrian/DESARROLLO/RoR/InternosUNI/tmp/cache/sass/f77acc4d823c4a545c3447dc5c99e9677fefc991/_progress-bars.scssc: can't dump anonymous class #<Class:0x007f728897a3b8>

Warning. Error encountered while saving cache /home/adrian/DESARROLLO/RoR/InternosUNI/tmp/cache/sass/f77acc4d823c4a545c3447dc5c99e9677fefc991/_media.scssc: can't dump anonymous class #<Class:0x007f728897a3b8>

Warning. Error encountered while saving cache /home/adrian/DESARROLLO/RoR/InternosUNI/tmp/cache/sass/f77acc4d823c4a545c3447dc5c99e9677fefc991/_list-group.scssc: can't dump anonymous class #<Class:0x007f728897a3b8>

Warning. Error encountered while saving cache /home/adrian/DESARROLLO/RoR/InternosUNI/tmp/cache/sass/f77acc4d823c4a545c3447dc5c99e9677fefc991/_panels.scssc: can't dump anonymous class #<Class:0x007f728897a3b8>

Warning. Error encountered while saving cache /home/adrian/DESARROLLO/RoR/InternosUNI/tmp/cache/sass/f77acc4d823c4a545c3447dc5c99e9677fefc991/_responsive-embed.scssc: can't dump anonymous class #<Class:0x007f728897a3b8>

Warning. Error encountered while saving cache /home/adrian/DESARROLLO/RoR/InternosUNI/tmp/cache/sass/f77acc4d823c4a545c3447dc5c99e9677fefc991/_wells.scssc: can't dump anonymous class #<Class:0x007f728897a3b8>

Warning. Error encountered while saving cache /home/adrian/DESARROLLO/RoR/InternosUNI/tmp/cache/sass/f77acc4d823c4a545c3447dc5c99e9677fefc991/_close.scssc: can't dump anonymous class #<Class:0x007f728897a3b8>

Warning. Error encountered while saving cache /home/adrian/DESARROLLO/RoR/InternosUNI/tmp/cache/sass/f77acc4d823c4a545c3447dc5c99e9677fefc991/_modals.scssc: can't dump anonymous class #<Class:0x007f728897a3b8>

Warning. Error encountered while saving cache /home/adrian/DESARROLLO/RoR/InternosUNI/tmp/cache/sass/f77acc4d823c4a545c3447dc5c99e9677fefc991/_tooltip.scssc: can't dump anonymous class #<Class:0x007f728897a3b8>

Warning. Error encountered while saving cache /home/adrian/DESARROLLO/RoR/InternosUNI/tmp/cache/sass/f77acc4d823c4a545c3447dc5c99e9677fefc991/_popovers.scssc: can't dump anonymous class #<Class:0x007f728897a3b8>

Warning. Error encountered while saving cache /home/adrian/DESARROLLO/RoR/InternosUNI/tmp/cache/sass/f77acc4d823c4a545c3447dc5c99e9677fefc991/_carousel.scssc: can't dump anonymous class #<Class:0x007f728897a3b8>

Warning. Error encountered while saving cache /home/adrian/DESARROLLO/RoR/InternosUNI/tmp/cache/sass/f77acc4d823c4a545c3447dc5c99e9677fefc991/_utilities.scssc: can't dump anonymous class #<Class:0x007f728897a3b8>

Warning. Error encountered while saving cache /home/adrian/DESARROLLO/RoR/InternosUNI/tmp/cache/sass/f77acc4d823c4a545c3447dc5c99e9677fefc991/_responsive-utilities.scssc: can't dump anonymous class #<Class:0x007f728897a3b8>

Compiled application.css  (1877ms)  (pid 6024)
Compiled jquery.js  (9ms)  (pid 6024)
Compiled jquery_ujs.js  (0ms)  (pid 6024)
Compiled rails.validations.js  (0ms)  (pid 6024)
Compiled rails.validations.simple_form.js  (0ms)  (pid 6024)
Compiled typeahead.bundle.js  (1ms)  (pid 6024)
Compiled ahoy.js  (0ms)  (pid 6024)
Compiled bootstrap/affix.js  (0ms)  (pid 6024)
Compiled bootstrap/alert.js  (0ms)  (pid 6024)
Compiled bootstrap/button.js  (0ms)  (pid 6024)
Compiled bootstrap/carousel.js  (0ms)  (pid 6024)
Compiled bootstrap/collapse.js  (0ms)  (pid 6024)
Compiled bootstrap/dropdown.js  (0ms)  (pid 6024)
Compiled bootstrap/tab.js  (0ms)  (pid 6024)
Compiled bootstrap/transition.js  (0ms)  (pid 6024)
Compiled bootstrap/scrollspy.js  (0ms)  (pid 6024)
Compiled bootstrap/modal.js  (0ms)  (pid 6024)
Compiled bootstrap/tooltip.js  (0ms)  (pid 6024)
Compiled bootstrap/popover.js  (0ms)  (pid 6024)
Compiled bootstrap.js  (33ms)  (pid 6024)
Compiled twitter/typeahead/typeahead.bundle.js  (1ms)  (pid 6024)
Compiled twitter/typeahead.js  (4ms)  (pid 6024)
Compiled handlebars.runtime.js  (0ms)  (pid 6024)
Compiled application.js  (115ms)  (pid 6024)
Completed 200 OK in 2155ms (Views: 2130.4ms | ActiveRecord: 3.1ms)


Started GET "/assets/application.css?body=1" for 127.0.0.1 at 2015-08-27 10:03:01 -0400
Served asset /application.css - 200 OK (9ms)


Started GET "/assets/rails.validations.simple_form.js?body=1" for 127.0.0.1 at 2015-08-27 10:03:01 -0400
Served asset /rails.validations.simple_form.js - 200 OK (1ms)


Started GET "/assets/jquery.js?body=1" for 127.0.0.1 at 2015-08-27 10:03:01 -0400
Served asset /jquery.js - 200 OK (3ms)


Started GET "/assets/jquery_ujs.js?body=1" for 127.0.0.1 at 2015-08-27 10:03:01 -0400
Served asset /jquery_ujs.js - 200 OK (2ms)


Started GET "/assets/typeahead.bundle.js?body=1" for 127.0.0.1 at 2015-08-27 10:03:01 -0400
Served asset /typeahead.bundle.js - 200 OK (1ms)


Started GET "/assets/rails.validations.js?body=1" for 127.0.0.1 at 2015-08-27 10:03:01 -0400
Served asset /rails.validations.js - 200 OK (1ms)


Started GET "/assets/ahoy.js?body=1" for 127.0.0.1 at 2015-08-27 10:03:01 -0400
Served asset /ahoy.js - 200 OK (3ms)


Started GET "/assets/bootstrap/affix.js?body=1" for 127.0.0.1 at 2015-08-27 10:03:01 -0400
Served asset /bootstrap/affix.js - 200 OK (1ms)


Started GET "/assets/bootstrap/alert.js?body=1" for 127.0.0.1 at 2015-08-27 10:03:01 -0400
Served asset /bootstrap/alert.js - 200 OK (2ms)


Started GET "/assets/bootstrap/button.js?body=1" for 127.0.0.1 at 2015-08-27 10:03:01 -0400
Served asset /bootstrap/button.js - 200 OK (2ms)


Started GET "/assets/bootstrap/carousel.js?body=1" for 127.0.0.1 at 2015-08-27 10:03:01 -0400
Served asset /bootstrap/carousel.js - 200 OK (2ms)


Started GET "/assets/bootstrap/collapse.js?body=1" for 127.0.0.1 at 2015-08-27 10:03:01 -0400
Served asset /bootstrap/collapse.js - 200 OK (3ms)


Started GET "/assets/bootstrap/dropdown.js?body=1" for 127.0.0.1 at 2015-08-27 10:03:01 -0400
Served asset /bootstrap/dropdown.js - 200 OK (2ms)


Started GET "/assets/bootstrap/tab.js?body=1" for 127.0.0.1 at 2015-08-27 10:03:01 -0400
Served asset /bootstrap/tab.js - 200 OK (4ms)


Started GET "/assets/bootstrap/transition.js?body=1" for 127.0.0.1 at 2015-08-27 10:03:01 -0400
Served asset /bootstrap/transition.js - 200 OK (4ms)


Started GET "/assets/bootstrap/scrollspy.js?body=1" for 127.0.0.1 at 2015-08-27 10:03:01 -0400
Served asset /bootstrap/scrollspy.js - 200 OK (2ms)


Started GET "/assets/bootstrap/modal.js?body=1" for 127.0.0.1 at 2015-08-27 10:03:01 -0400
Served asset /bootstrap/modal.js - 200 OK (3ms)


Started GET "/assets/bootstrap/tooltip.js?body=1" for 127.0.0.1 at 2015-08-27 10:03:01 -0400
Served asset /bootstrap/tooltip.js - 200 OK (4ms)


Started GET "/assets/bootstrap/popover.js?body=1" for 127.0.0.1 at 2015-08-27 10:03:01 -0400
Served asset /bootstrap/popover.js - 200 OK (3ms)


Started GET "/assets/bootstrap.js?body=1" for 127.0.0.1 at 2015-08-27 10:03:01 -0400
Served asset /bootstrap.js - 200 OK (33ms)


Started GET "/assets/twitter/typeahead/typeahead.bundle.js?body=1" for 127.0.0.1 at 2015-08-27 10:03:01 -0400
Served asset /twitter/typeahead/typeahead.bundle.js - 200 OK (6ms)


Started GET "/assets/twitter/typeahead.js?body=1" for 127.0.0.1 at 2015-08-27 10:03:01 -0400
Served asset /twitter/typeahead.js - 200 OK (4ms)


Started GET "/assets/handlebars.runtime.js?body=1" for 127.0.0.1 at 2015-08-27 10:03:01 -0400
Served asset /handlebars.runtime.js - 200 OK (3ms)


Started GET "/assets/application.js?body=1" for 127.0.0.1 at 2015-08-27 10:03:01 -0400
Served asset /application.js - 200 OK (25ms)


Started GET "/assets/logoUni.png" for 127.0.0.1 at 2015-08-27 10:03:01 -0400
Served asset /logoUni.png - 200 OK (2ms)


Started GET "/assets/bootstrap/glyphicons-halflings-regular.woff" for 127.0.0.1 at 2015-08-27 10:03:02 -0400
Served asset /bootstrap/glyphicons-halflings-regular.woff - 200 OK (3ms)


Started GET "/" for 127.0.0.1 at 2015-08-27 10:03:04 -0400
Processing by HomeController#index as HTML
  [1m[36mDepartamento Load (0.1ms)[0m  [1mSELECT `departamentos`.* FROM `departamentos` ORDER BY interno ASC[0m
  [1m[35mFuncionario Load (0.1ms)[0m  SELECT `funcionarios`.* FROM `funcionarios` ORDER BY cumpleanio ASC
  [1m[36mFuncionario Load (0.1ms)[0m  [1mSELECT `funcionarios`.* FROM `funcionarios` ORDER BY updated_at desc LIMIT 1[0m
  [1m[35mDepartamento Load (0.6ms)[0m  SELECT `departamentos`.* FROM `departamentos` 
  [1m[36mFuncionario Load (0.2ms)[0m  [1mSELECT `funcionarios`.* FROM `funcionarios` [0m
  Rendered layouts/_navbar.html.erb (1.8ms)
  Rendered home/_listar.html.erb (17.5ms)
  Rendered layouts/_footer.html.erb (0.6ms)
  Rendered home/index.html.erb within layouts/application (22.1ms)
Completed 200 OK in 52ms (Views: 33.3ms | ActiveRecord: 1.2ms)


Started GET "/login" for 127.0.0.1 at 2015-08-27 10:03:07 -0400
Processing by Devise::SessionsController#new as HTML
  Rendered devise/sessions/new.html.erb within layouts/application (1.6ms)
Completed 200 OK in 66ms (Views: 11.6ms | ActiveRecord: 1.0ms)


Started GET "/assets/application.css?body=1" for 127.0.0.1 at 2015-08-27 10:03:07 -0400
Served asset /application.css - 304 Not Modified (3ms)


Started GET "/assets/jquery.js?body=1" for 127.0.0.1 at 2015-08-27 10:03:07 -0400
Served asset /jquery.js - 304 Not Modified (0ms)


Started GET "/assets/jquery_ujs.js?body=1" for 127.0.0.1 at 2015-08-27 10:03:07 -0400
Served asset /jquery_ujs.js - 304 Not Modified (0ms)


Started GET "/assets/typeahead.bundle.js?body=1" for 127.0.0.1 at 2015-08-27 10:03:07 -0400
Served asset /typeahead.bundle.js - 304 Not Modified (0ms)


Started GET "/assets/rails.validations.js?body=1" for 127.0.0.1 at 2015-08-27 10:03:07 -0400
Served asset /rails.validations.js - 304 Not Modified (0ms)


Started GET "/assets/rails.validations.simple_form.js?body=1" for 127.0.0.1 at 2015-08-27 10:03:07 -0400
Served asset /rails.validations.simple_form.js - 304 Not Modified (0ms)


Started GET "/assets/bootstrap/alert.js?body=1" for 127.0.0.1 at 2015-08-27 10:03:07 -0400
Served asset /bootstrap/alert.js - 304 Not Modified (0ms)


Started GET "/assets/bootstrap/affix.js?body=1" for 127.0.0.1 at 2015-08-27 10:03:07 -0400
Served asset /bootstrap/affix.js - 304 Not Modified (0ms)


Started GET "/assets/ahoy.js?body=1" for 127.0.0.1 at 2015-08-27 10:03:07 -0400
Served asset /ahoy.js - 304 Not Modified (0ms)


Started GET "/assets/bootstrap/button.js?body=1" for 127.0.0.1 at 2015-08-27 10:03:07 -0400
Served asset /bootstrap/button.js - 304 Not Modified (1ms)


Started GET "/assets/bootstrap/carousel.js?body=1" for 127.0.0.1 at 2015-08-27 10:03:07 -0400
Served asset /bootstrap/carousel.js - 304 Not Modified (0ms)


Started GET "/assets/bootstrap/collapse.js?body=1" for 127.0.0.1 at 2015-08-27 10:03:07 -0400
Served asset /bootstrap/collapse.js - 304 Not Modified (0ms)


Started GET "/assets/bootstrap/dropdown.js?body=1" for 127.0.0.1 at 2015-08-27 10:03:08 -0400
Served asset /bootstrap/dropdown.js - 304 Not Modified (0ms)


Started GET "/assets/bootstrap/tab.js?body=1" for 127.0.0.1 at 2015-08-27 10:03:08 -0400
Served asset /bootstrap/tab.js - 304 Not Modified (0ms)


Started GET "/assets/bootstrap/transition.js?body=1" for 127.0.0.1 at 2015-08-27 10:03:08 -0400
Served asset /bootstrap/transition.js - 304 Not Modified (0ms)


Started GET "/assets/bootstrap/scrollspy.js?body=1" for 127.0.0.1 at 2015-08-27 10:03:08 -0400
Served asset /bootstrap/scrollspy.js - 304 Not Modified (0ms)


Started GET "/assets/bootstrap/modal.js?body=1" for 127.0.0.1 at 2015-08-27 10:03:08 -0400
Served asset /bootstrap/modal.js - 304 Not Modified (0ms)


Started GET "/assets/bootstrap/tooltip.js?body=1" for 127.0.0.1 at 2015-08-27 10:03:08 -0400
Served asset /bootstrap/tooltip.js - 304 Not Modified (0ms)


Started GET "/assets/bootstrap/popover.js?body=1" for 127.0.0.1 at 2015-08-27 10:03:08 -0400
Served asset /bootstrap/popover.js - 304 Not Modified (0ms)


Started GET "/assets/bootstrap.js?body=1" for 127.0.0.1 at 2015-08-27 10:03:08 -0400
Served asset /bootstrap.js - 304 Not Modified (0ms)


Started GET "/assets/twitter/typeahead/typeahead.bundle.js?body=1" for 127.0.0.1 at 2015-08-27 10:03:08 -0400
Served asset /twitter/typeahead/typeahead.bundle.js - 304 Not Modified (0ms)


Started GET "/assets/twitter/typeahead.js?body=1" for 127.0.0.1 at 2015-08-27 10:03:08 -0400
Served asset /twitter/typeahead.js - 304 Not Modified (0ms)


Started GET "/assets/handlebars.runtime.js?body=1" for 127.0.0.1 at 2015-08-27 10:03:08 -0400
Served asset /handlebars.runtime.js - 304 Not Modified (0ms)


Started GET "/assets/application.js?body=1" for 127.0.0.1 at 2015-08-27 10:03:08 -0400
Served asset /application.js - 304 Not Modified (2ms)


Started GET "/usuarios" for 127.0.0.1 at 2015-08-27 10:03:13 -0400
Processing by UsuariosController#index as HTML
Completed 401 Unauthorized in 3ms


Started GET "/usuarios" for 127.0.0.1 at 2015-08-27 10:03:14 -0400
Processing by UsuariosController#index as HTML
Completed 401 Unauthorized in 0ms


Started GET "/login" for 127.0.0.1 at 2015-08-27 10:03:14 -0400
Processing by Devise::SessionsController#new as HTML
  Rendered devise/sessions/new.html.erb within layouts/application (0.8ms)
Completed 200 OK in 10ms (Views: 9.7ms | ActiveRecord: 0.0ms)


Started GET "/assets/application.css?body=1" for 127.0.0.1 at 2015-08-27 10:03:14 -0400
Served asset /application.css - 304 Not Modified (2ms)


Started GET "/assets/jquery.js?body=1" for 127.0.0.1 at 2015-08-27 10:03:14 -0400
Served asset /jquery.js - 304 Not Modified (0ms)


Started GET "/assets/rails.validations.js?body=1" for 127.0.0.1 at 2015-08-27 10:03:14 -0400
Served asset /rails.validations.js - 304 Not Modified (0ms)


Started GET "/assets/typeahead.bundle.js?body=1" for 127.0.0.1 at 2015-08-27 10:03:14 -0400
Served asset /typeahead.bundle.js - 304 Not Modified (0ms)


Started GET "/assets/jquery_ujs.js?body=1" for 127.0.0.1 at 2015-08-27 10:03:14 -0400
Served asset /jquery_ujs.js - 304 Not Modified (0ms)


Started GET "/assets/rails.validations.simple_form.js?body=1" for 127.0.0.1 at 2015-08-27 10:03:14 -0400
Served asset /rails.validations.simple_form.js - 304 Not Modified (0ms)


Started GET "/assets/ahoy.js?body=1" for 127.0.0.1 at 2015-08-27 10:03:14 -0400
Served asset /ahoy.js - 304 Not Modified (0ms)


Started GET "/assets/bootstrap/collapse.js?body=1" for 127.0.0.1 at 2015-08-27 10:03:14 -0400
Served asset /bootstrap/collapse.js - 304 Not Modified (0ms)


Started GET "/assets/bootstrap/alert.js?body=1" for 127.0.0.1 at 2015-08-27 10:03:14 -0400
Served asset /bootstrap/alert.js - 304 Not Modified (0ms)


Started GET "/assets/bootstrap/affix.js?body=1" for 127.0.0.1 at 2015-08-27 10:03:14 -0400
Served asset /bootstrap/affix.js - 304 Not Modified (2ms)


Started GET "/assets/bootstrap/carousel.js?body=1" for 127.0.0.1 at 2015-08-27 10:03:15 -0400
Served asset /bootstrap/carousel.js - 304 Not Modified (0ms)


Started GET "/assets/bootstrap/button.js?body=1" for 127.0.0.1 at 2015-08-27 10:03:15 -0400
Served asset /bootstrap/button.js - 304 Not Modified (0ms)


Started GET "/assets/bootstrap/dropdown.js?body=1" for 127.0.0.1 at 2015-08-27 10:03:15 -0400
Served asset /bootstrap/dropdown.js - 304 Not Modified (0ms)


Started GET "/assets/bootstrap/tab.js?body=1" for 127.0.0.1 at 2015-08-27 10:03:15 -0400
Served asset /bootstrap/tab.js - 304 Not Modified (0ms)


Started GET "/assets/bootstrap/transition.js?body=1" for 127.0.0.1 at 2015-08-27 10:03:15 -0400
Served asset /bootstrap/transition.js - 304 Not Modified (0ms)


Started GET "/assets/bootstrap/scrollspy.js?body=1" for 127.0.0.1 at 2015-08-27 10:03:15 -0400
Served asset /bootstrap/scrollspy.js - 304 Not Modified (0ms)


Started GET "/assets/bootstrap/modal.js?body=1" for 127.0.0.1 at 2015-08-27 10:03:15 -0400
Served asset /bootstrap/modal.js - 304 Not Modified (0ms)


Started GET "/assets/bootstrap/tooltip.js?body=1" for 127.0.0.1 at 2015-08-27 10:03:15 -0400
Served asset /bootstrap/tooltip.js - 304 Not Modified (0ms)


Started GET "/assets/bootstrap/popover.js?body=1" for 127.0.0.1 at 2015-08-27 10:03:15 -0400
Served asset /bootstrap/popover.js - 304 Not Modified (1ms)


Started GET "/assets/bootstrap.js?body=1" for 127.0.0.1 at 2015-08-27 10:03:15 -0400
Served asset /bootstrap.js - 304 Not Modified (0ms)


Started GET "/assets/twitter/typeahead/typeahead.bundle.js?body=1" for 127.0.0.1 at 2015-08-27 10:03:15 -0400
Served asset /twitter/typeahead/typeahead.bundle.js - 304 Not Modified (0ms)


Started GET "/assets/twitter/typeahead.js?body=1" for 127.0.0.1 at 2015-08-27 10:03:15 -0400
Served asset /twitter/typeahead.js - 304 Not Modified (0ms)


Started GET "/assets/application.js?body=1" for 127.0.0.1 at 2015-08-27 10:03:15 -0400
Served asset /application.js - 304 Not Modified (2ms)


Started GET "/assets/handlebars.runtime.js?body=1" for 127.0.0.1 at 2015-08-27 10:03:15 -0400
Served asset /handlebars.runtime.js - 304 Not Modified (0ms)


Started POST "/usuarios/sign_in" for 127.0.0.1 at 2015-08-27 10:03:19 -0400
Processing by Devise::SessionsController#create as HTML
  Parameters: {"utf8"=>"✓", "authenticity_token"=>"D7R5GqmKaMRXycm7yxRqTPICF4DrkvY/a0yZxnUbU6o=", "usuario"=>{"nombre"=>"admin", "password"=>"[FILTERED]"}, "commit"=>"Acceder"}
  [1m[35mUsuario Load (0.6ms)[0m  SELECT `usuarios`.* FROM `usuarios` WHERE `usuarios`.`nombre` = 'admin' LIMIT 1
  [1m[36m (0.1ms)[0m  [1mBEGIN[0m
  [1m[35m (15.7ms)[0m  UPDATE `usuarios` SET `last_sign_in_at` = '2015-08-26 17:55:17', `current_sign_in_at` = '2015-08-27 14:03:19', `sign_in_count` = 16, `updated_at` = '2015-08-27 14:03:19' WHERE `usuarios`.`id` = 1
  [1m[36m (23.4ms)[0m  [1mCOMMIT[0m
Redirected to http://localhost:3000/usuarios
Completed 302 Found in 155ms (ActiveRecord: 0.0ms)


Started GET "/usuarios" for 127.0.0.1 at 2015-08-27 10:03:19 -0400
Processing by UsuariosController#index as HTML
  [1m[35mUsuario Load (0.4ms)[0m  SELECT `usuarios`.* FROM `usuarios` WHERE `usuarios`.`id` = 1 LIMIT 1
  [1m[36mUsuario Load (0.2ms)[0m  [1mSELECT `usuarios`.* FROM `usuarios` [0m
  Rendered layouts/_navigation.html.erb (0.8ms)
  Rendered usuarios/_formulario.html.erb (10.9ms)
  Rendered usuarios/index.html.erb within layouts/application (15.0ms)
Completed 200 OK in 29ms (Views: 25.1ms | ActiveRecord: 0.6ms)


Started GET "/assets/application.css?body=1" for 127.0.0.1 at 2015-08-27 10:03:19 -0400
Served asset /application.css - 304 Not Modified (3ms)


Started GET "/assets/jquery.js?body=1" for 127.0.0.1 at 2015-08-27 10:03:19 -0400
Served asset /jquery.js - 304 Not Modified (0ms)


Started GET "/assets/typeahead.bundle.js?body=1" for 127.0.0.1 at 2015-08-27 10:03:19 -0400
Served asset /typeahead.bundle.js - 304 Not Modified (2ms)


Started GET "/assets/ahoy.js?body=1" for 127.0.0.1 at 2015-08-27 10:03:19 -0400
Served asset /ahoy.js - 304 Not Modified (0ms)


Started GET "/assets/jquery_ujs.js?body=1" for 127.0.0.1 at 2015-08-27 10:03:19 -0400
Served asset /jquery_ujs.js - 304 Not Modified (1ms)


Started GET "/assets/rails.validations.simple_form.js?body=1" for 127.0.0.1 at 2015-08-27 10:03:19 -0400
Served asset /rails.validations.simple_form.js - 304 Not Modified (0ms)


Started GET "/assets/rails.validations.js?body=1" for 127.0.0.1 at 2015-08-27 10:03:19 -0400
Served asset /rails.validations.js - 304 Not Modified (0ms)


Started GET "/assets/bootstrap/affix.js?body=1" for 127.0.0.1 at 2015-08-27 10:03:19 -0400
Served asset /bootstrap/affix.js - 304 Not Modified (0ms)


Started GET "/assets/bootstrap/alert.js?body=1" for 127.0.0.1 at 2015-08-27 10:03:19 -0400
Served asset /bootstrap/alert.js - 304 Not Modified (0ms)


Started GET "/assets/bootstrap/button.js?body=1" for 127.0.0.1 at 2015-08-27 10:03:19 -0400
Served asset /bootstrap/button.js - 304 Not Modified (0ms)


Started GET "/assets/bootstrap/carousel.js?body=1" for 127.0.0.1 at 2015-08-27 10:03:19 -0400
Served asset /bootstrap/carousel.js - 304 Not Modified (0ms)


Started GET "/assets/bootstrap/dropdown.js?body=1" for 127.0.0.1 at 2015-08-27 10:03:19 -0400
Served asset /bootstrap/dropdown.js - 304 Not Modified (0ms)


Started GET "/assets/bootstrap/collapse.js?body=1" for 127.0.0.1 at 2015-08-27 10:03:19 -0400
Served asset /bootstrap/collapse.js - 304 Not Modified (0ms)


Started GET "/assets/bootstrap/modal.js?body=1" for 127.0.0.1 at 2015-08-27 10:03:19 -0400
Served asset /bootstrap/modal.js - 304 Not Modified (1ms)


Started GET "/assets/bootstrap/tab.js?body=1" for 127.0.0.1 at 2015-08-27 10:03:20 -0400
Served asset /bootstrap/tab.js - 304 Not Modified (0ms)


Started GET "/assets/bootstrap/transition.js?body=1" for 127.0.0.1 at 2015-08-27 10:03:20 -0400
Served asset /bootstrap/transition.js - 304 Not Modified (0ms)


Started GET "/assets/bootstrap/scrollspy.js?body=1" for 127.0.0.1 at 2015-08-27 10:03:20 -0400
Served asset /bootstrap/scrollspy.js - 304 Not Modified (2ms)


Started GET "/assets/bootstrap/tooltip.js?body=1" for 127.0.0.1 at 2015-08-27 10:03:20 -0400
Served asset /bootstrap/tooltip.js - 304 Not Modified (2ms)


Started GET "/assets/bootstrap/popover.js?body=1" for 127.0.0.1 at 2015-08-27 10:03:20 -0400
Served asset /bootstrap/popover.js - 304 Not Modified (2ms)


Started GET "/assets/bootstrap.js?body=1" for 127.0.0.1 at 2015-08-27 10:03:20 -0400
Served asset /bootstrap.js - 304 Not Modified (2ms)


Started GET "/assets/twitter/typeahead/typeahead.bundle.js?body=1" for 127.0.0.1 at 2015-08-27 10:03:20 -0400
Served asset /twitter/typeahead/typeahead.bundle.js - 304 Not Modified (0ms)


Started GET "/assets/twitter/typeahead.js?body=1" for 127.0.0.1 at 2015-08-27 10:03:20 -0400
Served asset /twitter/typeahead.js - 304 Not Modified (0ms)


Started GET "/assets/handlebars.runtime.js?body=1" for 127.0.0.1 at 2015-08-27 10:03:20 -0400
Served asset /handlebars.runtime.js - 304 Not Modified (0ms)


Started GET "/assets/application.js?body=1" for 127.0.0.1 at 2015-08-27 10:03:20 -0400
Served asset /application.js - 304 Not Modified (1ms)


Started GET "/assets/logoUni.png" for 127.0.0.1 at 2015-08-27 10:03:20 -0400
Served asset /logoUni.png - 304 Not Modified (0ms)


Started GET "/assets/bootstrap/glyphicons-halflings-regular.woff" for 127.0.0.1 at 2015-08-27 10:03:20 -0400
Served asset /bootstrap/glyphicons-halflings-regular.woff - 304 Not Modified (0ms)


Started GET "/" for 127.0.0.1 at 2015-08-27 10:03:22 -0400
Processing by HomeController#index as HTML
  [1m[35mDepartamento Load (0.2ms)[0m  SELECT `departamentos`.* FROM `departamentos` ORDER BY interno ASC
  [1m[36mFuncionario Load (0.2ms)[0m  [1mSELECT `funcionarios`.* FROM `funcionarios` ORDER BY cumpleanio ASC[0m
  [1m[35mFuncionario Load (0.1ms)[0m  SELECT `funcionarios`.* FROM `funcionarios` ORDER BY updated_at desc LIMIT 1
  [1m[36mDepartamento Load (0.1ms)[0m  [1mSELECT `departamentos`.* FROM `departamentos` [0m
  [1m[35mFuncionario Load (0.2ms)[0m  SELECT `funcionarios`.* FROM `funcionarios` 
  [1m[36mUsuario Load (0.1ms)[0m  [1mSELECT `usuarios`.* FROM `usuarios` WHERE `usuarios`.`id` = 1 LIMIT 1[0m
  Rendered layouts/_navbar.html.erb (1.7ms)
  Rendered home/_listar.html.erb (11.5ms)
  Rendered layouts/_footer.html.erb (0.1ms)
  Rendered home/index.html.erb within layouts/application (14.5ms)
Completed 200 OK in 34ms (Views: 21.2ms | ActiveRecord: 0.9ms)


Started GET "/assets/application.css?body=1" for 127.0.0.1 at 2015-08-27 10:03:22 -0400
Served asset /application.css - 304 Not Modified (9ms)


Started GET "/assets/jquery.js?body=1" for 127.0.0.1 at 2015-08-27 10:03:22 -0400
Served asset /jquery.js - 304 Not Modified (0ms)


Started GET "/assets/jquery_ujs.js?body=1" for 127.0.0.1 at 2015-08-27 10:03:22 -0400
Served asset /jquery_ujs.js - 304 Not Modified (0ms)


Started GET "/assets/typeahead.bundle.js?body=1" for 127.0.0.1 at 2015-08-27 10:03:22 -0400
Served asset /typeahead.bundle.js - 304 Not Modified (0ms)


Started GET "/assets/rails.validations.js?body=1" for 127.0.0.1 at 2015-08-27 10:03:22 -0400
Served asset /rails.validations.js - 304 Not Modified (0ms)


Started GET "/assets/rails.validations.simple_form.js?body=1" for 127.0.0.1 at 2015-08-27 10:03:22 -0400
Served asset /rails.validations.simple_form.js - 304 Not Modified (0ms)


Started GET "/assets/ahoy.js?body=1" for 127.0.0.1 at 2015-08-27 10:03:22 -0400
Served asset /ahoy.js - 304 Not Modified (0ms)


Started GET "/assets/bootstrap/affix.js?body=1" for 127.0.0.1 at 2015-08-27 10:03:22 -0400
Served asset /bootstrap/affix.js - 304 Not Modified (2ms)


Started GET "/assets/bootstrap/alert.js?body=1" for 127.0.0.1 at 2015-08-27 10:03:22 -0400
Served asset /bootstrap/alert.js - 304 Not Modified (0ms)


Started GET "/assets/bootstrap/carousel.js?body=1" for 127.0.0.1 at 2015-08-27 10:03:22 -0400
Served asset /bootstrap/carousel.js - 304 Not Modified (0ms)


Started GET "/assets/bootstrap/button.js?body=1" for 127.0.0.1 at 2015-08-27 10:03:22 -0400
Served asset /bootstrap/button.js - 304 Not Modified (0ms)


Started GET "/assets/bootstrap/collapse.js?body=1" for 127.0.0.1 at 2015-08-27 10:03:22 -0400
Served asset /bootstrap/collapse.js - 304 Not Modified (0ms)


Started GET "/assets/bootstrap/dropdown.js?body=1" for 127.0.0.1 at 2015-08-27 10:03:22 -0400
Served asset /bootstrap/dropdown.js - 304 Not Modified (0ms)


Started GET "/assets/bootstrap/tab.js?body=1" for 127.0.0.1 at 2015-08-27 10:03:22 -0400
Served asset /bootstrap/tab.js - 304 Not Modified (0ms)


Started GET "/assets/bootstrap/transition.js?body=1" for 127.0.0.1 at 2015-08-27 10:03:22 -0400
Served asset /bootstrap/transition.js - 304 Not Modified (0ms)


Started GET "/assets/bootstrap/scrollspy.js?body=1" for 127.0.0.1 at 2015-08-27 10:03:22 -0400
Served asset /bootstrap/scrollspy.js - 304 Not Modified (0ms)


Started GET "/assets/bootstrap/modal.js?body=1" for 127.0.0.1 at 2015-08-27 10:03:22 -0400
Served asset /bootstrap/modal.js - 304 Not Modified (1ms)


Started GET "/assets/bootstrap/tooltip.js?body=1" for 127.0.0.1 at 2015-08-27 10:03:22 -0400
Served asset /bootstrap/tooltip.js - 304 Not Modified (2ms)


Started GET "/assets/bootstrap/popover.js?body=1" for 127.0.0.1 at 2015-08-27 10:03:22 -0400
Served asset /bootstrap/popover.js - 304 Not Modified (0ms)


Started GET "/assets/bootstrap.js?body=1" for 127.0.0.1 at 2015-08-27 10:03:22 -0400
Served asset /bootstrap.js - 304 Not Modified (0ms)


Started GET "/assets/twitter/typeahead/typeahead.bundle.js?body=1" for 127.0.0.1 at 2015-08-27 10:03:22 -0400
Served asset /twitter/typeahead/typeahead.bundle.js - 304 Not Modified (0ms)


Started GET "/assets/twitter/typeahead.js?body=1" for 127.0.0.1 at 2015-08-27 10:03:22 -0400
Served asset /twitter/typeahead.js - 304 Not Modified (2ms)


Started GET "/assets/handlebars.runtime.js?body=1" for 127.0.0.1 at 2015-08-27 10:03:22 -0400
Served asset /handlebars.runtime.js - 304 Not Modified (0ms)


Started GET "/assets/application.js?body=1" for 127.0.0.1 at 2015-08-27 10:03:22 -0400
Served asset /application.js - 304 Not Modified (2ms)


Started GET "/assets/logoUni.png" for 127.0.0.1 at 2015-08-27 10:03:22 -0400
Served asset /logoUni.png - 304 Not Modified (0ms)


Started GET "/assets/bootstrap/glyphicons-halflings-regular.woff" for 127.0.0.1 at 2015-08-27 10:03:22 -0400
Served asset /bootstrap/glyphicons-halflings-regular.woff - 304 Not Modified (0ms)


Started DELETE "/logout" for 127.0.0.1 at 2015-08-27 10:03:24 -0400
Processing by Devise::SessionsController#destroy as HTML
  Parameters: {"authenticity_token"=>"CS64NGZegCufzHxPoCvM9tdsVJE8Z4ZnytOli09By/c="}
  [1m[35mUsuario Load (0.2ms)[0m  SELECT `usuarios`.* FROM `usuarios` WHERE `usuarios`.`id` = 1 LIMIT 1
  [1m[36m (0.1ms)[0m  [1mBEGIN[0m
  [1m[35m (0.1ms)[0m  COMMIT
Redirected to http://localhost:3000/
Completed 302 Found in 4ms (ActiveRecord: 0.3ms)


Started GET "/" for 127.0.0.1 at 2015-08-27 10:03:24 -0400
Processing by HomeController#index as HTML
  [1m[36mDepartamento Load (0.2ms)[0m  [1mSELECT `departamentos`.* FROM `departamentos` ORDER BY interno ASC[0m
  [1m[35mFuncionario Load (0.2ms)[0m  SELECT `funcionarios`.* FROM `funcionarios` ORDER BY cumpleanio ASC
  [1m[36mFuncionario Load (0.2ms)[0m  [1mSELECT `funcionarios`.* FROM `funcionarios` ORDER BY updated_at desc LIMIT 1[0m
  [1m[35mDepartamento Load (0.1ms)[0m  SELECT `departamentos`.* FROM `departamentos` 
  [1m[36mFuncionario Load (0.2ms)[0m  [1mSELECT `funcionarios`.* FROM `funcionarios` [0m
  Rendered layouts/_navbar.html.erb (0.9ms)
  Rendered home/_listar.html.erb (10.7ms)
  Rendered layouts/_footer.html.erb (0.1ms)
  Rendered home/index.html.erb within layouts/application (12.8ms)
Completed 200 OK in 42ms (Views: 19.5ms | ActiveRecord: 0.8ms)


Started GET "/assets/jquery_ujs.js?body=1" for 127.0.0.1 at 2015-08-27 10:03:24 -0400
Served asset /jquery_ujs.js - 304 Not Modified (0ms)


Started GET "/assets/rails.validations.js?body=1" for 127.0.0.1 at 2015-08-27 10:03:24 -0400
Served asset /rails.validations.js - 304 Not Modified (0ms)


Started GET "/assets/jquery.js?body=1" for 127.0.0.1 at 2015-08-27 10:03:24 -0400
Served asset /jquery.js - 304 Not Modified (4ms)


Started GET "/assets/typeahead.bundle.js?body=1" for 127.0.0.1 at 2015-08-27 10:03:24 -0400
Served asset /typeahead.bundle.js - 304 Not Modified (2ms)


Started GET "/assets/rails.validations.simple_form.js?body=1" for 127.0.0.1 at 2015-08-27 10:03:24 -0400
Served asset /rails.validations.simple_form.js - 304 Not Modified (0ms)


Started GET "/assets/application.css?body=1" for 127.0.0.1 at 2015-08-27 10:03:24 -0400
Served asset /application.css - 304 Not Modified (4ms)


Started GET "/assets/ahoy.js?body=1" for 127.0.0.1 at 2015-08-27 10:03:24 -0400
Served asset /ahoy.js - 304 Not Modified (0ms)


Started GET "/assets/bootstrap/affix.js?body=1" for 127.0.0.1 at 2015-08-27 10:03:24 -0400
Served asset /bootstrap/affix.js - 304 Not Modified (1ms)


Started GET "/assets/bootstrap/alert.js?body=1" for 127.0.0.1 at 2015-08-27 10:03:24 -0400
Served asset /bootstrap/alert.js - 304 Not Modified (0ms)


Started GET "/assets/bootstrap/button.js?body=1" for 127.0.0.1 at 2015-08-27 10:03:24 -0400
Served asset /bootstrap/button.js - 304 Not Modified (0ms)


Started GET "/assets/bootstrap/carousel.js?body=1" for 127.0.0.1 at 2015-08-27 10:03:24 -0400
Served asset /bootstrap/carousel.js - 304 Not Modified (2ms)


Started GET "/assets/bootstrap/collapse.js?body=1" for 127.0.0.1 at 2015-08-27 10:03:24 -0400
Served asset /bootstrap/collapse.js - 304 Not Modified (0ms)


Started GET "/assets/bootstrap/dropdown.js?body=1" for 127.0.0.1 at 2015-08-27 10:03:24 -0400
Served asset /bootstrap/dropdown.js - 304 Not Modified (0ms)


Started GET "/assets/bootstrap/tab.js?body=1" for 127.0.0.1 at 2015-08-27 10:03:24 -0400
Served asset /bootstrap/tab.js - 304 Not Modified (0ms)


Started GET "/assets/bootstrap/transition.js?body=1" for 127.0.0.1 at 2015-08-27 10:03:24 -0400
Served asset /bootstrap/transition.js - 304 Not Modified (0ms)


Started GET "/assets/bootstrap/scrollspy.js?body=1" for 127.0.0.1 at 2015-08-27 10:03:24 -0400
Served asset /bootstrap/scrollspy.js - 304 Not Modified (0ms)


Started GET "/assets/bootstrap/modal.js?body=1" for 127.0.0.1 at 2015-08-27 10:03:24 -0400
Served asset /bootstrap/modal.js - 304 Not Modified (0ms)


Started GET "/assets/bootstrap/tooltip.js?body=1" for 127.0.0.1 at 2015-08-27 10:03:24 -0400
Served asset /bootstrap/tooltip.js - 304 Not Modified (4ms)


Started GET "/assets/bootstrap/popover.js?body=1" for 127.0.0.1 at 2015-08-27 10:03:24 -0400
Served asset /bootstrap/popover.js - 304 Not Modified (0ms)


Started GET "/assets/bootstrap.js?body=1" for 127.0.0.1 at 2015-08-27 10:03:24 -0400
Served asset /bootstrap.js - 304 Not Modified (2ms)


Started GET "/assets/twitter/typeahead/typeahead.bundle.js?body=1" for 127.0.0.1 at 2015-08-27 10:03:24 -0400
Served asset /twitter/typeahead/typeahead.bundle.js - 304 Not Modified (0ms)


Started GET "/assets/twitter/typeahead.js?body=1" for 127.0.0.1 at 2015-08-27 10:03:24 -0400
Served asset /twitter/typeahead.js - 304 Not Modified (0ms)


Started GET "/assets/handlebars.runtime.js?body=1" for 127.0.0.1 at 2015-08-27 10:03:24 -0400
Served asset /handlebars.runtime.js - 304 Not Modified (0ms)


Started GET "/assets/application.js?body=1" for 127.0.0.1 at 2015-08-27 10:03:24 -0400
Served asset /application.js - 304 Not Modified (1ms)


Started GET "/assets/logoUni.png" for 127.0.0.1 at 2015-08-27 10:03:24 -0400
Served asset /logoUni.png - 304 Not Modified (0ms)


Started GET "/assets/bootstrap/glyphicons-halflings-regular.woff" for 127.0.0.1 at 2015-08-27 10:03:24 -0400
Served asset /bootstrap/glyphicons-halflings-regular.woff - 304 Not Modified (0ms)


Started GET "/funcionarios" for 127.0.0.1 at 2015-08-27 11:08:52 -0400
Processing by FuncionariosController#index as HTML
  [1m[35mFuncionario Load (0.1ms)[0m  SELECT `funcionarios`.* FROM `funcionarios` ORDER BY nombre ASC
  Rendered layouts/_navigation.html.erb (0.4ms)
  [1m[36mDepartamento Load (0.1ms)[0m  [1mSELECT `departamentos`.* FROM `departamentos` ORDER BY interno[0m
  Rendered funcionarios/_formulario.html.erb (14.1ms)
  Rendered funcionarios/index.html.erb within layouts/application (53.9ms)
Completed 200 OK in 67ms (Views: 60.8ms | ActiveRecord: 0.2ms)


Started GET "/assets/application.css?body=1" for 127.0.0.1 at 2015-08-27 11:08:52 -0400
Served asset /application.css - 304 Not Modified (7ms)


Started GET "/assets/jquery_ujs.js?body=1" for 127.0.0.1 at 2015-08-27 11:08:52 -0400
Served asset /jquery_ujs.js - 304 Not Modified (0ms)


Started GET "/assets/jquery.js?body=1" for 127.0.0.1 at 2015-08-27 11:08:52 -0400
Served asset /jquery.js - 304 Not Modified (4ms)


Started GET "/assets/rails.validations.js?body=1" for 127.0.0.1 at 2015-08-27 11:08:52 -0400
Served asset /rails.validations.js - 304 Not Modified (0ms)


Started GET "/assets/rails.validations.simple_form.js?body=1" for 127.0.0.1 at 2015-08-27 11:08:52 -0400
Served asset /rails.validations.simple_form.js - 304 Not Modified (0ms)


Started GET "/assets/typeahead.bundle.js?body=1" for 127.0.0.1 at 2015-08-27 11:08:52 -0400
Served asset /typeahead.bundle.js - 304 Not Modified (0ms)


Started GET "/assets/ahoy.js?body=1" for 127.0.0.1 at 2015-08-27 11:08:52 -0400
Served asset /ahoy.js - 304 Not Modified (0ms)


Started GET "/assets/bootstrap/affix.js?body=1" for 127.0.0.1 at 2015-08-27 11:08:52 -0400
Served asset /bootstrap/affix.js - 304 Not Modified (0ms)


Started GET "/assets/bootstrap/alert.js?body=1" for 127.0.0.1 at 2015-08-27 11:08:52 -0400
Served asset /bootstrap/alert.js - 304 Not Modified (1ms)


Started GET "/assets/bootstrap/dropdown.js?body=1" for 127.0.0.1 at 2015-08-27 11:08:52 -0400
Served asset /bootstrap/dropdown.js - 304 Not Modified (0ms)


Started GET "/assets/bootstrap/tab.js?body=1" for 127.0.0.1 at 2015-08-27 11:08:52 -0400
Served asset /bootstrap/tab.js - 304 Not Modified (0ms)


Started GET "/assets/bootstrap/collapse.js?body=1" for 127.0.0.1 at 2015-08-27 11:08:52 -0400
Served asset /bootstrap/collapse.js - 304 Not Modified (0ms)


Started GET "/assets/bootstrap/carousel.js?body=1" for 127.0.0.1 at 2015-08-27 11:08:52 -0400
Served asset /bootstrap/carousel.js - 304 Not Modified (0ms)


Started GET "/assets/bootstrap/button.js?body=1" for 127.0.0.1 at 2015-08-27 11:08:52 -0400
Served asset /bootstrap/button.js - 304 Not Modified (2ms)


Started GET "/assets/bootstrap/transition.js?body=1" for 127.0.0.1 at 2015-08-27 11:08:52 -0400
Served asset /bootstrap/transition.js - 304 Not Modified (0ms)


Started GET "/assets/bootstrap/scrollspy.js?body=1" for 127.0.0.1 at 2015-08-27 11:08:52 -0400
Served asset /bootstrap/scrollspy.js - 304 Not Modified (0ms)


Started GET "/assets/bootstrap/modal.js?body=1" for 127.0.0.1 at 2015-08-27 11:08:53 -0400
Served asset /bootstrap/modal.js - 304 Not Modified (0ms)


Started GET "/assets/bootstrap/tooltip.js?body=1" for 127.0.0.1 at 2015-08-27 11:08:53 -0400
Served asset /bootstrap/tooltip.js - 304 Not Modified (0ms)


Started GET "/assets/bootstrap/popover.js?body=1" for 127.0.0.1 at 2015-08-27 11:08:53 -0400
Served asset /bootstrap/popover.js - 304 Not Modified (0ms)


Started GET "/assets/bootstrap.js?body=1" for 127.0.0.1 at 2015-08-27 11:08:53 -0400
Served asset /bootstrap.js - 304 Not Modified (3ms)


Started GET "/assets/twitter/typeahead/typeahead.bundle.js?body=1" for 127.0.0.1 at 2015-08-27 11:08:53 -0400
Served asset /twitter/typeahead/typeahead.bundle.js - 304 Not Modified (0ms)


Started GET "/assets/twitter/typeahead.js?body=1" for 127.0.0.1 at 2015-08-27 11:08:53 -0400
Served asset /twitter/typeahead.js - 304 Not Modified (0ms)


Started GET "/assets/handlebars.runtime.js?body=1" for 127.0.0.1 at 2015-08-27 11:08:53 -0400
Served asset /handlebars.runtime.js - 304 Not Modified (0ms)


Started GET "/assets/application.js?body=1" for 127.0.0.1 at 2015-08-27 11:08:53 -0400
Served asset /application.js - 304 Not Modified (2ms)


Started GET "/assets/logoUni.png" for 127.0.0.1 at 2015-08-27 11:08:53 -0400
Served asset /logoUni.png - 304 Not Modified (0ms)


Started GET "/assets/bootstrap/glyphicons-halflings-regular.woff" for 127.0.0.1 at 2015-08-27 11:08:53 -0400
Served asset /bootstrap/glyphicons-halflings-regular.woff - 304 Not Modified (0ms)


Started GET "/assets/application.css?body=1" for 127.0.0.1 at 2015-08-27 11:14:14 -0400
Served asset /application.css - 304 Not Modified (2ms)


Started GET "/departamentos" for 127.0.0.1 at 2015-08-27 13:24:58 -0400
Processing by DepartamentosController#index as HTML
  Rendered layouts/_navigation.html.erb (1.3ms)
  Rendered departamentos/_formulario.html.erb (8.0ms)
  [1m[35mDepartamento Load (146.1ms)[0m  SELECT `departamentos`.* FROM `departamentos` WHERE (nombre LIKE '%%' OR interno LIKE '%%')
  Rendered departamentos/index.html.erb within layouts/application (195.3ms)
Completed 200 OK in 223ms (Views: 74.2ms | ActiveRecord: 146.1ms)


Started GET "/assets/application.css?body=1" for 127.0.0.1 at 2015-08-27 13:24:58 -0400
Served asset /application.css - 304 Not Modified (31ms)


Started GET "/assets/jquery.js?body=1" for 127.0.0.1 at 2015-08-27 13:24:59 -0400
Served asset /jquery.js - 304 Not Modified (10ms)


Started GET "/assets/rails.validations.simple_form.js?body=1" for 127.0.0.1 at 2015-08-27 13:24:59 -0400
Served asset /rails.validations.simple_form.js - 304 Not Modified (0ms)


Started GET "/assets/typeahead.bundle.js?body=1" for 127.0.0.1 at 2015-08-27 13:24:59 -0400
Served asset /typeahead.bundle.js - 304 Not Modified (19ms)


Started GET "/assets/rails.validations.js?body=1" for 127.0.0.1 at 2015-08-27 13:24:59 -0400
Served asset /rails.validations.js - 304 Not Modified (0ms)


Started GET "/assets/jquery_ujs.js?body=1" for 127.0.0.1 at 2015-08-27 13:24:59 -0400
Served asset /jquery_ujs.js - 304 Not Modified (4ms)


Started GET "/assets/ahoy.js?body=1" for 127.0.0.1 at 2015-08-27 13:24:59 -0400
Served asset /ahoy.js - 304 Not Modified (10ms)


Started GET "/assets/bootstrap/affix.js?body=1" for 127.0.0.1 at 2015-08-27 13:24:59 -0400
Served asset /bootstrap/affix.js - 304 Not Modified (0ms)


Started GET "/assets/bootstrap/alert.js?body=1" for 127.0.0.1 at 2015-08-27 13:24:59 -0400
Served asset /bootstrap/alert.js - 304 Not Modified (7ms)


Started GET "/assets/bootstrap/carousel.js?body=1" for 127.0.0.1 at 2015-08-27 13:24:59 -0400
Served asset /bootstrap/carousel.js - 304 Not Modified (4ms)


Started GET "/assets/bootstrap/button.js?body=1" for 127.0.0.1 at 2015-08-27 13:24:59 -0400
Served asset /bootstrap/button.js - 304 Not Modified (0ms)


Started GET "/assets/bootstrap/collapse.js?body=1" for 127.0.0.1 at 2015-08-27 13:24:59 -0400
Served asset /bootstrap/collapse.js - 304 Not Modified (2ms)


Started GET "/assets/bootstrap/dropdown.js?body=1" for 127.0.0.1 at 2015-08-27 13:24:59 -0400
Served asset /bootstrap/dropdown.js - 304 Not Modified (0ms)


Started GET "/assets/bootstrap/tab.js?body=1" for 127.0.0.1 at 2015-08-27 13:24:59 -0400
Served asset /bootstrap/tab.js - 304 Not Modified (2ms)


Started GET "/assets/bootstrap/transition.js?body=1" for 127.0.0.1 at 2015-08-27 13:24:59 -0400
Served asset /bootstrap/transition.js - 304 Not Modified (0ms)


Started GET "/assets/bootstrap/scrollspy.js?body=1" for 127.0.0.1 at 2015-08-27 13:24:59 -0400
Served asset /bootstrap/scrollspy.js - 304 Not Modified (0ms)


Started GET "/assets/bootstrap/modal.js?body=1" for 127.0.0.1 at 2015-08-27 13:24:59 -0400
Served asset /bootstrap/modal.js - 304 Not Modified (2ms)


Started GET "/assets/bootstrap/tooltip.js?body=1" for 127.0.0.1 at 2015-08-27 13:24:59 -0400
Served asset /bootstrap/tooltip.js - 304 Not Modified (0ms)


Started GET "/assets/bootstrap/popover.js?body=1" for 127.0.0.1 at 2015-08-27 13:24:59 -0400
Served asset /bootstrap/popover.js - 304 Not Modified (2ms)


Started GET "/assets/bootstrap.js?body=1" for 127.0.0.1 at 2015-08-27 13:24:59 -0400
Served asset /bootstrap.js - 304 Not Modified (3ms)


Started GET "/assets/twitter/typeahead/typeahead.bundle.js?body=1" for 127.0.0.1 at 2015-08-27 13:24:59 -0400
Served asset /twitter/typeahead/typeahead.bundle.js - 304 Not Modified (20ms)


Started GET "/assets/twitter/typeahead.js?body=1" for 127.0.0.1 at 2015-08-27 13:24:59 -0400
Served asset /twitter/typeahead.js - 304 Not Modified (0ms)


Started GET "/assets/handlebars.runtime.js?body=1" for 127.0.0.1 at 2015-08-27 13:24:59 -0400
Served asset /handlebars.runtime.js - 304 Not Modified (13ms)


Started GET "/assets/application.js?body=1" for 127.0.0.1 at 2015-08-27 13:24:59 -0400
Served asset /application.js - 304 Not Modified (2ms)


Started GET "/assets/logoUni.png" for 127.0.0.1 at 2015-08-27 13:24:59 -0400
Served asset /logoUni.png - 304 Not Modified (0ms)


Started GET "/assets/bootstrap/glyphicons-halflings-regular.woff" for 127.0.0.1 at 2015-08-27 13:24:59 -0400
Served asset /bootstrap/glyphicons-halflings-regular.woff - 304 Not Modified (0ms)


Started GET "/departamentos" for 127.0.0.1 at 2015-08-27 13:24:59 -0400
Processing by DepartamentosController#index as HTML
  Rendered layouts/_navigation.html.erb (0.5ms)
  Rendered departamentos/_formulario.html.erb (5.6ms)
  [1m[36mDepartamento Load (0.1ms)[0m  [1mSELECT `departamentos`.* FROM `departamentos` WHERE (nombre LIKE '%%' OR interno LIKE '%%')[0m
  Rendered departamentos/index.html.erb within layouts/application (26.6ms)
Completed 200 OK in 34ms (Views: 33.5ms | ActiveRecord: 0.1ms)


Started GET "/assets/jquery.js?body=1" for 127.0.0.1 at 2015-08-27 13:24:59 -0400
Served asset /jquery.js - 304 Not Modified (0ms)


Started GET "/assets/jquery_ujs.js?body=1" for 127.0.0.1 at 2015-08-27 13:25:00 -0400
Served asset /jquery_ujs.js - 304 Not Modified (0ms)


Started GET "/assets/typeahead.bundle.js?body=1" for 127.0.0.1 at 2015-08-27 13:25:00 -0400
Served asset /typeahead.bundle.js - 304 Not Modified (0ms)


Started GET "/assets/rails.validations.simple_form.js?body=1" for 127.0.0.1 at 2015-08-27 13:25:00 -0400
Served asset /rails.validations.simple_form.js - 304 Not Modified (0ms)


Started GET "/assets/bootstrap/alert.js?body=1" for 127.0.0.1 at 2015-08-27 13:25:00 -0400
Served asset /bootstrap/alert.js - 304 Not Modified (3ms)


Started GET "/assets/rails.validations.js?body=1" for 127.0.0.1 at 2015-08-27 13:25:00 -0400
Served asset /rails.validations.js - 304 Not Modified (0ms)


Started GET "/assets/ahoy.js?body=1" for 127.0.0.1 at 2015-08-27 13:25:00 -0400
Served asset /ahoy.js - 304 Not Modified (1ms)


Started GET "/assets/bootstrap/affix.js?body=1" for 127.0.0.1 at 2015-08-27 13:25:00 -0400
Served asset /bootstrap/affix.js - 304 Not Modified (0ms)


Started GET "/assets/bootstrap/collapse.js?body=1" for 127.0.0.1 at 2015-08-27 13:25:00 -0400
Served asset /bootstrap/collapse.js - 304 Not Modified (0ms)


Started GET "/assets/application.css?body=1" for 127.0.0.1 at 2015-08-27 13:25:00 -0400
Served asset /application.css - 304 Not Modified (4ms)


Started GET "/assets/bootstrap/carousel.js?body=1" for 127.0.0.1 at 2015-08-27 13:25:00 -0400
Served asset /bootstrap/carousel.js - 304 Not Modified (1ms)


Started GET "/assets/bootstrap/dropdown.js?body=1" for 127.0.0.1 at 2015-08-27 13:25:00 -0400
Served asset /bootstrap/dropdown.js - 304 Not Modified (0ms)


Started GET "/assets/bootstrap/tab.js?body=1" for 127.0.0.1 at 2015-08-27 13:25:00 -0400
Served asset /bootstrap/tab.js - 304 Not Modified (0ms)


Started GET "/assets/bootstrap/button.js?body=1" for 127.0.0.1 at 2015-08-27 13:25:00 -0400
Served asset /bootstrap/button.js - 304 Not Modified (0ms)


Started GET "/assets/bootstrap/transition.js?body=1" for 127.0.0.1 at 2015-08-27 13:25:00 -0400
Served asset /bootstrap/transition.js - 304 Not Modified (0ms)


Started GET "/assets/bootstrap/scrollspy.js?body=1" for 127.0.0.1 at 2015-08-27 13:25:00 -0400
Served asset /bootstrap/scrollspy.js - 304 Not Modified (0ms)


Started GET "/assets/bootstrap/modal.js?body=1" for 127.0.0.1 at 2015-08-27 13:25:00 -0400
Served asset /bootstrap/modal.js - 304 Not Modified (1ms)


Started GET "/assets/bootstrap/tooltip.js?body=1" for 127.0.0.1 at 2015-08-27 13:25:00 -0400
Served asset /bootstrap/tooltip.js - 304 Not Modified (1ms)


Started GET "/assets/bootstrap/popover.js?body=1" for 127.0.0.1 at 2015-08-27 13:25:00 -0400
Served asset /bootstrap/popover.js - 304 Not Modified (0ms)


Started GET "/assets/bootstrap.js?body=1" for 127.0.0.1 at 2015-08-27 13:25:00 -0400
Served asset /bootstrap.js - 304 Not Modified (2ms)


Started GET "/assets/twitter/typeahead/typeahead.bundle.js?body=1" for 127.0.0.1 at 2015-08-27 13:25:00 -0400
Served asset /twitter/typeahead/typeahead.bundle.js - 304 Not Modified (0ms)


Started GET "/assets/twitter/typeahead.js?body=1" for 127.0.0.1 at 2015-08-27 13:25:00 -0400
Served asset /twitter/typeahead.js - 304 Not Modified (0ms)


Started GET "/assets/handlebars.runtime.js?body=1" for 127.0.0.1 at 2015-08-27 13:25:00 -0400
Served asset /handlebars.runtime.js - 304 Not Modified (0ms)


Started GET "/assets/application.js?body=1" for 127.0.0.1 at 2015-08-27 13:25:00 -0400
Served asset /application.js - 304 Not Modified (2ms)


Started GET "/assets/logoUni.png" for 127.0.0.1 at 2015-08-27 13:25:00 -0400
Served asset /logoUni.png - 304 Not Modified (0ms)


Started GET "/assets/bootstrap/glyphicons-halflings-regular.woff" for 127.0.0.1 at 2015-08-27 13:25:00 -0400
Served asset /bootstrap/glyphicons-halflings-regular.woff - 304 Not Modified (0ms)


Started GET "/funcionarios" for 127.0.0.1 at 2015-08-27 13:25:04 -0400
Processing by FuncionariosController#index as HTML
  [1m[35mFuncionario Load (0.2ms)[0m  SELECT `funcionarios`.* FROM `funcionarios` ORDER BY nombre ASC
  Rendered layouts/_navigation.html.erb (1.1ms)
  [1m[36mDepartamento Load (0.2ms)[0m  [1mSELECT `departamentos`.* FROM `departamentos` ORDER BY interno[0m
  Rendered funcionarios/_formulario.html.erb (21.7ms)
  Rendered funcionarios/index.html.erb within layouts/application (67.5ms)
Completed 200 OK in 177ms (Views: 172.0ms | ActiveRecord: 0.3ms)


Started GET "/assets/application.css?body=1" for 127.0.0.1 at 2015-08-27 13:25:05 -0400
Served asset /application.css - 304 Not Modified (6ms)


Started GET "/assets/jquery_ujs.js?body=1" for 127.0.0.1 at 2015-08-27 13:25:05 -0400
Served asset /jquery_ujs.js - 304 Not Modified (0ms)


Started GET "/assets/jquery.js?body=1" for 127.0.0.1 at 2015-08-27 13:25:05 -0400
Served asset /jquery.js - 304 Not Modified (0ms)


Started GET "/assets/rails.validations.simple_form.js?body=1" for 127.0.0.1 at 2015-08-27 13:25:05 -0400
Served asset /rails.validations.simple_form.js - 304 Not Modified (0ms)


Started GET "/assets/typeahead.bundle.js?body=1" for 127.0.0.1 at 2015-08-27 13:25:05 -0400
Served asset /typeahead.bundle.js - 304 Not Modified (0ms)


Started GET "/assets/rails.validations.js?body=1" for 127.0.0.1 at 2015-08-27 13:25:05 -0400
Served asset /rails.validations.js - 304 Not Modified (1ms)


Started GET "/assets/ahoy.js?body=1" for 127.0.0.1 at 2015-08-27 13:25:05 -0400
Served asset /ahoy.js - 304 Not Modified (0ms)


Started GET "/assets/bootstrap/affix.js?body=1" for 127.0.0.1 at 2015-08-27 13:25:05 -0400
Served asset /bootstrap/affix.js - 304 Not Modified (0ms)


Started GET "/assets/bootstrap/alert.js?body=1" for 127.0.0.1 at 2015-08-27 13:25:05 -0400
Served asset /bootstrap/alert.js - 304 Not Modified (0ms)


Started GET "/assets/bootstrap/button.js?body=1" for 127.0.0.1 at 2015-08-27 13:25:05 -0400
Served asset /bootstrap/button.js - 304 Not Modified (0ms)


Started GET "/assets/bootstrap/carousel.js?body=1" for 127.0.0.1 at 2015-08-27 13:25:05 -0400
Served asset /bootstrap/carousel.js - 304 Not Modified (0ms)


Started GET "/assets/bootstrap/collapse.js?body=1" for 127.0.0.1 at 2015-08-27 13:25:05 -0400
Served asset /bootstrap/collapse.js - 304 Not Modified (1ms)


Started GET "/assets/bootstrap/dropdown.js?body=1" for 127.0.0.1 at 2015-08-27 13:25:05 -0400
Served asset /bootstrap/dropdown.js - 304 Not Modified (0ms)


Started GET "/assets/bootstrap/tab.js?body=1" for 127.0.0.1 at 2015-08-27 13:25:05 -0400
Served asset /bootstrap/tab.js - 304 Not Modified (0ms)


Started GET "/assets/bootstrap/transition.js?body=1" for 127.0.0.1 at 2015-08-27 13:25:05 -0400
Served asset /bootstrap/transition.js - 304 Not Modified (1ms)


Started GET "/assets/bootstrap/scrollspy.js?body=1" for 127.0.0.1 at 2015-08-27 13:25:05 -0400
Served asset /bootstrap/scrollspy.js - 304 Not Modified (0ms)


Started GET "/assets/bootstrap/modal.js?body=1" for 127.0.0.1 at 2015-08-27 13:25:05 -0400
Served asset /bootstrap/modal.js - 304 Not Modified (0ms)


Started GET "/assets/bootstrap/tooltip.js?body=1" for 127.0.0.1 at 2015-08-27 13:25:05 -0400
Served asset /bootstrap/tooltip.js - 304 Not Modified (0ms)


Started GET "/assets/bootstrap.js?body=1" for 127.0.0.1 at 2015-08-27 13:25:05 -0400
Served asset /bootstrap.js - 304 Not Modified (0ms)


Started GET "/assets/twitter/typeahead/typeahead.bundle.js?body=1" for 127.0.0.1 at 2015-08-27 13:25:05 -0400
Served asset /twitter/typeahead/typeahead.bundle.js - 304 Not Modified (1ms)


Started GET "/assets/bootstrap/popover.js?body=1" for 127.0.0.1 at 2015-08-27 13:25:05 -0400
Served asset /bootstrap/popover.js - 304 Not Modified (0ms)


Started GET "/assets/twitter/typeahead.js?body=1" for 127.0.0.1 at 2015-08-27 13:25:05 -0400
Served asset /twitter/typeahead.js - 304 Not Modified (0ms)


Started GET "/assets/handlebars.runtime.js?body=1" for 127.0.0.1 at 2015-08-27 13:25:05 -0400
Served asset /handlebars.runtime.js - 304 Not Modified (0ms)


Started GET "/assets/application.js?body=1" for 127.0.0.1 at 2015-08-27 13:25:05 -0400
Served asset /application.js - 304 Not Modified (1ms)


Started GET "/assets/logoUni.png" for 127.0.0.1 at 2015-08-27 13:25:05 -0400
Served asset /logoUni.png - 304 Not Modified (0ms)


Started GET "/assets/bootstrap/glyphicons-halflings-regular.woff" for 127.0.0.1 at 2015-08-27 13:25:05 -0400
Served asset /bootstrap/glyphicons-halflings-regular.woff - 304 Not Modified (0ms)


Started GET "/funcionarios" for 127.0.0.1 at 2015-08-27 13:25:05 -0400
Processing by FuncionariosController#index as HTML
  [1m[35mFuncionario Load (0.1ms)[0m  SELECT `funcionarios`.* FROM `funcionarios` ORDER BY nombre ASC
  Rendered layouts/_navigation.html.erb (0.5ms)
  [1m[36mDepartamento Load (0.1ms)[0m  [1mSELECT `departamentos`.* FROM `departamentos` ORDER BY interno[0m
  Rendered funcionarios/_formulario.html.erb (15.2ms)
  Rendered funcionarios/index.html.erb within layouts/application (56.6ms)
Completed 200 OK in 70ms (Views: 63.7ms | ActiveRecord: 0.3ms)


Started GET "/assets/jquery.js?body=1" for 127.0.0.1 at 2015-08-27 13:25:06 -0400
Served asset /jquery.js - 304 Not Modified (0ms)


Started GET "/assets/jquery_ujs.js?body=1" for 127.0.0.1 at 2015-08-27 13:25:06 -0400
Served asset /jquery_ujs.js - 304 Not Modified (0ms)


Started GET "/assets/application.css?body=1" for 127.0.0.1 at 2015-08-27 13:25:06 -0400
Served asset /application.css - 304 Not Modified (10ms)


Started GET "/assets/rails.validations.js?body=1" for 127.0.0.1 at 2015-08-27 13:25:06 -0400
Served asset /rails.validations.js - 304 Not Modified (1ms)


Started GET "/assets/rails.validations.simple_form.js?body=1" for 127.0.0.1 at 2015-08-27 13:25:06 -0400
Served asset /rails.validations.simple_form.js - 304 Not Modified (0ms)


Started GET "/assets/typeahead.bundle.js?body=1" for 127.0.0.1 at 2015-08-27 13:25:06 -0400
Served asset /typeahead.bundle.js - 304 Not Modified (3ms)


Started GET "/assets/ahoy.js?body=1" for 127.0.0.1 at 2015-08-27 13:25:06 -0400
Served asset /ahoy.js - 304 Not Modified (0ms)


Started GET "/assets/bootstrap/affix.js?body=1" for 127.0.0.1 at 2015-08-27 13:25:06 -0400
Served asset /bootstrap/affix.js - 304 Not Modified (0ms)


Started GET "/assets/bootstrap/alert.js?body=1" for 127.0.0.1 at 2015-08-27 13:25:06 -0400
Served asset /bootstrap/alert.js - 304 Not Modified (0ms)


Started GET "/assets/bootstrap/button.js?body=1" for 127.0.0.1 at 2015-08-27 13:25:06 -0400
Served asset /bootstrap/button.js - 304 Not Modified (0ms)


Started GET "/assets/bootstrap/carousel.js?body=1" for 127.0.0.1 at 2015-08-27 13:25:06 -0400
Served asset /bootstrap/carousel.js - 304 Not Modified (0ms)


Started GET "/assets/bootstrap/collapse.js?body=1" for 127.0.0.1 at 2015-08-27 13:25:06 -0400
Served asset /bootstrap/collapse.js - 304 Not Modified (0ms)


Started GET "/assets/bootstrap/dropdown.js?body=1" for 127.0.0.1 at 2015-08-27 13:25:06 -0400
Served asset /bootstrap/dropdown.js - 304 Not Modified (0ms)


Started GET "/assets/bootstrap/tab.js?body=1" for 127.0.0.1 at 2015-08-27 13:25:06 -0400
Served asset /bootstrap/tab.js - 304 Not Modified (1ms)


Started GET "/assets/bootstrap/transition.js?body=1" for 127.0.0.1 at 2015-08-27 13:25:06 -0400
Served asset /bootstrap/transition.js - 304 Not Modified (0ms)


Started GET "/assets/bootstrap/scrollspy.js?body=1" for 127.0.0.1 at 2015-08-27 13:25:06 -0400
Served asset /bootstrap/scrollspy.js - 304 Not Modified (0ms)


Started GET "/assets/bootstrap/modal.js?body=1" for 127.0.0.1 at 2015-08-27 13:25:06 -0400
Served asset /bootstrap/modal.js - 304 Not Modified (2ms)


Started GET "/assets/bootstrap/tooltip.js?body=1" for 127.0.0.1 at 2015-08-27 13:25:06 -0400
Served asset /bootstrap/tooltip.js - 304 Not Modified (2ms)


Started GET "/assets/bootstrap/popover.js?body=1" for 127.0.0.1 at 2015-08-27 13:25:06 -0400
Served asset /bootstrap/popover.js - 304 Not Modified (0ms)


Started GET "/assets/bootstrap.js?body=1" for 127.0.0.1 at 2015-08-27 13:25:06 -0400
Served asset /bootstrap.js - 304 Not Modified (2ms)


Started GET "/assets/twitter/typeahead.js?body=1" for 127.0.0.1 at 2015-08-27 13:25:06 -0400
Served asset /twitter/typeahead.js - 304 Not Modified (0ms)


Started GET "/assets/twitter/typeahead/typeahead.bundle.js?body=1" for 127.0.0.1 at 2015-08-27 13:25:06 -0400
Served asset /twitter/typeahead/typeahead.bundle.js - 304 Not Modified (0ms)


Started GET "/assets/handlebars.runtime.js?body=1" for 127.0.0.1 at 2015-08-27 13:25:06 -0400
Served asset /handlebars.runtime.js - 304 Not Modified (0ms)


Started GET "/assets/application.js?body=1" for 127.0.0.1 at 2015-08-27 13:25:06 -0400
Served asset /application.js - 304 Not Modified (2ms)


Started GET "/assets/logoUni.png" for 127.0.0.1 at 2015-08-27 13:25:06 -0400
Served asset /logoUni.png - 304 Not Modified (0ms)


Started GET "/assets/bootstrap/glyphicons-halflings-regular.woff" for 127.0.0.1 at 2015-08-27 13:25:06 -0400
Served asset /bootstrap/glyphicons-halflings-regular.woff - 304 Not Modified (0ms)
